<?xml version="1.0" encoding="UTF-8"?>
<!-- Generated by org.testng.reporters.JUnitXMLReporter -->
<testsuite ignored="0" hostname="DESKTOP-68DBCF4" failures="0" tests="3" name="Regression suite 1" time="21.641" errors="0" timestamp="24 Jan 2018 18:39:41 GMT">
  <testcase classname="com.demoshop.login.DemoShop" name="alaunchBrowser" time="16.581"/>
  <testcase classname="com.demoshop.login.DemoShop" name="blogin" time="2.982"/>
  <testcase classname="com.demoshop.login.DemoShop" name="openCamera" time="2.049"/>
</testsuite> <!-- Regression suite 1 -->
