<?xml version="1.0" encoding="UTF-8"?>
<!-- Generated by org.testng.reporters.JUnitXMLReporter -->
<testsuite ignored="0" hostname="DESKTOP-68DBCF4" failures="0" tests="3" name="Regression suite 2" time="0.014" errors="0" timestamp="21 Jan 2018 18:04:57 GMT">
  <testcase classname="TestNG_Demo.TestNG_DataProvider" name="setData" time="0.002"/>
  <testcase classname="TestNG_Demo.TestNG_DataProvider" name="setData" time="0.002"/>
  <testcase classname="TestNG_Demo.TestNG_DataProvider" name="setData" time="0.001"/>
</testsuite> <!-- Regression suite 2 -->
